IN_OUT>>b2>>serv2>>SUCCESS>>1728984237179
BIP9332I<<Application 'IN_OUT' has been created successfully. <<1728984237179
BIP9326I<<The source 'IN_OUTproject.generated.bar' has been successfully deployed. <<1728984237179
IN_OUT>>b2>>serv2>>SUCCESS>>1728984336819
BIP9332I<<Application 'IN_OUT' has been changed successfully. <<1728984336819
BIP9326I<<The source 'IN_OUTproject.generated.bar' has been successfully deployed. <<1728984336819
IN_OUT>>b2>>serv2>>SUCCESS>>1728984383352
BIP9332I<<Application 'IN_OUT' has been changed successfully. <<1728984383352
BIP9326I<<The source 'IN_OUTproject.generated.bar' has been successfully deployed. <<1728984383352
IN_OUT>>b2>>serv2>>SUCCESS>>1728984422954
BIP9332I<<Application 'IN_OUT' has been changed successfully. <<1728984422954
BIP9326I<<The source 'IN_OUTproject.generated.bar' has been successfully deployed. <<1728984422954
IN_OUT>>b2>>serv2>>SUCCESS>>1728985165696
BIP9332I<<Application 'IN_OUT' has been changed successfully. <<1728985165696
BIP9326I<<The source 'IN_OUTproject.generated.bar' has been successfully deployed. <<1728985165696
Transaction_Mode>>b2>>serv2>>SUCCESS>>1729071298010
BIP9332I<<Application 'Transaction_Mode' has been created successfully. <<1729071298010
BIP9326I<<The source 'Transaction_Modeproject.generated.bar' has been successfully deployed. <<1729071298010
Transaction_Mode>>b2>>serv2>>SUCCESS>>1729071387895
BIP9332I<<Application 'Transaction_Mode' has been changed successfully. <<1729071387895
BIP9326I<<The source 'Transaction_Modeproject.generated.bar' has been successfully deployed. <<1729071387895
Transaction_Mode>>b2>>serv2>>SUCCESS>>1729071465291
BIP9332I<<Application 'Transaction_Mode' has been changed successfully. <<1729071465291
BIP9326I<<The source 'Transaction_Modeproject.generated.bar' has been successfully deployed. <<1729071465291
Transaction_Mode>>b2>>serv2>>SUCCESS>>1729071497835
BIP9332I<<Application 'Transaction_Mode' has been changed successfully. <<1729071497835
BIP9326I<<The source 'Transaction_Modeproject.generated.bar' has been successfully deployed. <<1729071497835
Transaction_Mode>>b2>>serv2>>SUCCESS>>1729071555094
BIP9332I<<Application 'Transaction_Mode' has been changed successfully. <<1729071555094
BIP9326I<<The source 'Transaction_Modeproject.generated.bar' has been successfully deployed. <<1729071555094
Transaction_Mode>>b2>>serv2>>SUCCESS>>1729071658226
BIP9332I<<Application 'Transaction_Mode' has been created successfully. <<1729071658226
BIP9326I<<The source 'Transaction_Modeproject.generated.bar' has been successfully deployed. <<1729071658226
Transaction_Mode>>b2>>serv2>>SUCCESS>>1729071981056
BIP9332I<<Application 'Transaction_Mode' has been changed successfully. <<1729071981056
BIP9326I<<The source 'Transaction_Modeproject.generated.bar' has been successfully deployed. <<1729071981056
Transaction_Mode>>b2>>serv2>>SUCCESS>>1729072187161
BIP9332I<<Application 'Transaction_Mode' has been changed successfully. <<1729072187161
BIP9326I<<The source 'Transaction_Modeproject.generated.bar' has been successfully deployed. <<1729072187161
Transaction_Mode>>b2>>serv2>>SUCCESS>>1729072257261
BIP9332I<<Application 'Transaction_Mode' has been changed successfully. <<1729072257261
BIP9326I<<The source 'Transaction_Modeproject.generated.bar' has been successfully deployed. <<1729072257261
Transaction_Mode>>b2>>serv2>>SUCCESS>>1729072964468
BIP9332I<<Application 'Transaction_Mode' has been changed successfully. <<1729072964468
BIP9326I<<The source 'Transaction_Modeproject.generated.bar' has been successfully deployed. <<1729072964468
Transaction_Mode>>b2>>serv2>>SUCCESS>>1729073025480
BIP9332I<<Application 'Transaction_Mode' has been changed successfully. <<1729073025480
BIP9326I<<The source 'Transaction_Modeproject.generated.bar' has been successfully deployed. <<1729073025480
Transaction_Mode>>b2>>serv2>>SUCCESS>>1729073172595
BIP9332I<<Application 'Transaction_Mode' has been changed successfully. <<1729073172595
BIP9326I<<The source 'Transaction_Modeproject.generated.bar' has been successfully deployed. <<1729073172595
Transaction_Mode>>b2>>serv2>>SUCCESS>>1729073862278
BIP9332I<<Application 'Transaction_Mode' has been changed successfully. <<1729073862278
BIP9326I<<The source 'Transaction_Modeproject.generated.bar' has been successfully deployed. <<1729073862278
Transaction_Mode>>b2>>serv2>>SUCCESS>>1729074089523
BIP9332I<<Application 'Transaction_Mode' has been changed successfully. <<1729074089523
BIP9326I<<The source 'Transaction_Modeproject.generated.bar' has been successfully deployed. <<1729074089523
Transaction_Mode>>b2>>serv2>>SUCCESS>>1729074140897
BIP9332I<<Application 'Transaction_Mode' has been changed successfully. <<1729074140897
BIP9326I<<The source 'Transaction_Modeproject.generated.bar' has been successfully deployed. <<1729074140897
Transaction_Mode>>b2>>serv2>>SUCCESS>>1729074223917
BIP9332I<<Application 'Transaction_Mode' has been changed successfully. <<1729074223917
BIP9326I<<The source 'Transaction_Modeproject.generated.bar' has been successfully deployed. <<1729074223917
Transaction_Mode>>b2>>serv2>>SUCCESS>>1729074282934
BIP9332I<<Application 'Transaction_Mode' has been changed successfully. <<1729074282934
BIP9326I<<The source 'Transaction_Modeproject.generated.bar' has been successfully deployed. <<1729074282934
ESQL_TRUE_FALSE>>b2>>serv2>>SUCCESS>>1729075125859
BIP9332I<<Application 'ESQL_TRUE_FALSE' has been created successfully. <<1729075125859
BIP9326I<<The source 'ESQL_TRUE_FALSEproject.generated.bar' has been successfully deployed. <<1729075125859
ESQL_TRUE_FALSE>>b2>>serv2>>SUCCESS>>1729075168789
BIP9332I<<Application 'ESQL_TRUE_FALSE' has been created successfully. <<1729075168789
BIP9326I<<The source 'ESQL_TRUE_FALSEproject.generated.bar' has been successfully deployed. <<1729075168789
ESQL_TRUE_FALSE>>b2>>serv2>>SUCCESS>>1729075228658
BIP9332I<<Application 'ESQL_TRUE_FALSE' has been changed successfully. <<1729075228658
BIP9326I<<The source 'ESQL_TRUE_FALSEproject.generated.bar' has been successfully deployed. <<1729075228658
ESQL_TRUE_FALSE>>b2>>serv2>>SUCCESS>>1729075357404
BIP9332I<<Application 'ESQL_TRUE_FALSE' has been changed successfully. <<1729075357404
BIP9326I<<The source 'ESQL_TRUE_FALSEproject.generated.bar' has been successfully deployed. <<1729075357404
ESQL_TRUE_FALSE>>b2>>serv2>>SUCCESS>>1729075853041
BIP9332I<<Application 'ESQL_TRUE_FALSE' has been changed successfully. <<1729075853041
BIP9326I<<The source 'ESQL_TRUE_FALSEproject.generated.bar' has been successfully deployed. <<1729075853041
ESQL_TRUE_FALSE>>b2>>serv2>>SUCCESS>>1729076046538
BIP9332I<<Application 'ESQL_TRUE_FALSE' has been changed successfully. <<1729076046538
BIP9326I<<The source 'ESQL_TRUE_FALSEproject.generated.bar' has been successfully deployed. <<1729076046538
ESQL_TRUE_FALSE>>b2>>serv2>>SUCCESS>>1729076204937
BIP9332I<<Application 'ESQL_TRUE_FALSE' has been changed successfully. <<1729076204937
BIP9326I<<The source 'ESQL_TRUE_FALSEproject.generated.bar' has been successfully deployed. <<1729076204937
ESQL_TRUE_FALSE>>b2>>serv2>>SUCCESS>>1729076554369
BIP9332I<<Application 'ESQL_TRUE_FALSE' has been changed successfully. <<1729076554369
BIP9326I<<The source 'ESQL_TRUE_FALSEproject.generated.bar' has been successfully deployed. <<1729076554369
ESQL_TRUE_FALSE>>b2>>serv2>>SUCCESS>>1729083876088
BIP9332I<<Application 'ESQL_TRUE_FALSE' has been changed successfully. <<1729083876088
BIP9326I<<The source 'ESQL_TRUE_FALSEproject.generated.bar' has been successfully deployed. <<1729083876088
Variables>>b2>>serv2>>SUCCESS>>1729227863555
BIP9332I<<Application 'Variables' has been created successfully. <<1729227863555
BIP9326I<<The source 'Variablesproject.generated.bar' has been successfully deployed. <<1729227863555
Variables>>b2>>serv2>>SUCCESS>>1729227941732
BIP9332I<<Application 'Variables' has been changed successfully. <<1729227941732
BIP9326I<<The source 'Variablesproject.generated.bar' has been successfully deployed. <<1729227941732
Variables>>b2>>serv2>>SUCCESS>>1729228069622
BIP9332I<<Application 'Variables' has been changed successfully. <<1729228069622
BIP9326I<<The source 'Variablesproject.generated.bar' has been successfully deployed. <<1729228069622
Variables>>b2>>serv2>>SUCCESS>>1729228185922
BIP9332I<<Application 'Variables' has been changed successfully. <<1729228185922
BIP9326I<<The source 'Variablesproject.generated.bar' has been successfully deployed. <<1729228185922
Variables>>b2>>serv2>>SUCCESS>>1729228903637
BIP9332I<<Application 'Variables' has been changed successfully. <<1729228903637
BIP9326I<<The source 'Variablesproject.generated.bar' has been successfully deployed. <<1729228903637
Variables>>b2>>serv2>>SUCCESS>>1729229147262
BIP9332I<<Application 'Variables' has been changed successfully. <<1729229147262
BIP9326I<<The source 'Variablesproject.generated.bar' has been successfully deployed. <<1729229147262
Variables>>b2>>serv2>>SUCCESS>>1729229229914
BIP9332I<<Application 'Variables' has been changed successfully. <<1729229229914
BIP9326I<<The source 'Variablesproject.generated.bar' has been successfully deployed. <<1729229229914
Variables>>b2>>serv2>>SUCCESS>>1729229288372
BIP9332I<<Application 'Variables' has been changed successfully. <<1729229288372
BIP9326I<<The source 'Variablesproject.generated.bar' has been successfully deployed. <<1729229288372
Variables>>b2>>serv2>>SUCCESS>>1729229330371
BIP9332I<<Application 'Variables' has been changed successfully. <<1729229330371
BIP9326I<<The source 'Variablesproject.generated.bar' has been successfully deployed. <<1729229330371
variablesScope>>b2>>serv2>>WARNING>>1729250507962
BIP9318E<<Request to 'PreSetupValidate' resource 'variablesScope', 'variablesScope' of type 'Application' failed. <<1729250507962
BIP2420E<<(.VSmf2_Compute.CopyEntireMessage, 4.18) : Invalid or incompatible data types for '+' operator. <<1729250507962
BIP9333W<<Application 'variablesScope' has been created but contains errors which has prevented some resources from starting. <<1729250507962
BIP1096E<<The source 'variablesScopeproject.generated.bar' has been deployed but there were one or more failures which may mean the deployed resources will be unable to execute. <<1729250507962
variablesScope>>b2>>serv2>>WARNING>>1729250664507
BIP9318E<<Request to 'PreSetupValidate' resource 'variablesScope', 'variablesScope' of type 'Application' failed. <<1729250664507
BIP2420E<<(.VSmf2_Compute.CopyEntireMessage, 4.18) : Invalid or incompatible data types for '+' operator. <<1729250664507
BIP9333W<<Application 'variablesScope' has been changed but contains errors which has prevented some resources from starting. <<1729250664507
BIP1096E<<The source 'variablesScopeproject.generated.bar' has been deployed but there were one or more failures which may mean the deployed resources will be unable to execute. <<1729250664507
IN_OUT>>b2>>serv2>>SUCCESS>>1729493808254
BIP9332I<<Application 'IN_OUT' has been created successfully. <<1729493808254
BIP9326I<<The source 'IN_OUTproject.generated.bar' has been successfully deployed. <<1729493808254
IN_OUT>>b2>>serv2>>SUCCESS>>1729493988105
BIP9332I<<Application 'IN_OUT' has been changed successfully. <<1729493988105
BIP9326I<<The source 'IN_OUTproject.generated.bar' has been successfully deployed. <<1729493988105
IN_OUT>>b2>>serv2>>SUCCESS>>1729495079126
BIP9332I<<Application 'IN_OUT' has been changed successfully. <<1729495079126
BIP9326I<<The source 'IN_OUTproject.generated.bar' has been successfully deployed. <<1729495079126
IN_OUT>>b2>>serv2>>SUCCESS>>1729501272945
BIP9332I<<Application 'IN_OUT' has been changed successfully. <<1729501272945
BIP9326I<<The source 'IN_OUTproject.generated.bar' has been successfully deployed. <<1729501272945
IN_OUT>>b2>>serv2>>SUCCESS>>1729501569187
BIP9332I<<Application 'IN_OUT' has been changed successfully. <<1729501569187
BIP9326I<<The source 'IN_OUTproject.generated.bar' has been successfully deployed. <<1729501569187
IN_OUT>>b2>>serv2>>SUCCESS>>1729501659884
BIP9332I<<Application 'IN_OUT' has been changed successfully. <<1729501659884
BIP9326I<<The source 'IN_OUTproject.generated.bar' has been successfully deployed. <<1729501659884
IN_OUT>>b2>>serv2>>SUCCESS>>1729591812997
BIP9332I<<Application 'IN_OUT' has been created successfully. <<1729591812997
BIP9326I<<The source 'IN_OUTproject.generated.bar' has been successfully deployed. <<1729591812997
IN_OUT>>b2>>serv2>>ERROR>>1729594264298
IN_OUT>>b2>>serv2>>ERROR>>1729594373863
IN_OUT>>b2>>serv2>>ERROR>>1729594967230
new_App>>b2>>serv2>>SUCCESS>>1729660861511
BIP9332I<<Application 'new_App' has been created successfully. <<1729660861511
BIP9326I<<The source 'new_Appproject.generated.bar' has been successfully deployed. <<1729660861511
new_App>>b2>>serv2>>SUCCESS>>1729662210888
BIP9332I<<Application 'new_App' has been changed successfully. <<1729662210888
BIP9326I<<The source 'new_Appproject.generated.bar' has been successfully deployed. <<1729662210888
new_App>>b2>>serv2>>SUCCESS>>1729662230703
BIP9332I<<Application 'new_App' has been changed successfully. <<1729662230703
BIP9326I<<The source 'new_Appproject.generated.bar' has been successfully deployed. <<1729662230703
new_App>>b2>>serv2>>SUCCESS>>1729662286207
BIP9332I<<Application 'new_App' has been changed successfully. <<1729662286207
BIP9326I<<The source 'new_Appproject.generated.bar' has been successfully deployed. <<1729662286207
new_App>>b2>>serv2>>SUCCESS>>1729662380432
BIP9332I<<Application 'new_App' has been changed successfully. <<1729662380432
BIP9326I<<The source 'new_Appproject.generated.bar' has been successfully deployed. <<1729662380432
Pub_Sub>>b2>>serv2>>SUCCESS>>1729674023693
BIP9332I<<Application 'Pub_Sub' has been created successfully. <<1729674023693
BIP9326I<<The source 'Pub_Subproject.generated.bar' has been successfully deployed. <<1729674023693
Pub_Sub>>b2>>serv2>>SUCCESS>>1729674605081
BIP9332I<<Application 'Pub_Sub' has been changed successfully. <<1729674605081
BIP9326I<<The source 'Pub_Subproject.generated.bar' has been successfully deployed. <<1729674605081
Pub_Sub>>b2>>serv2>>SUCCESS>>1729674627556
BIP9332I<<Application 'Pub_Sub' has been changed successfully. <<1729674627556
BIP9326I<<The source 'Pub_Subproject.generated.bar' has been successfully deployed. <<1729674627556
Pub_Sub>>b2>>serv2>>SUCCESS>>1729674673385
BIP9332I<<Application 'Pub_Sub' has been changed successfully. <<1729674673385
BIP9326I<<The source 'Pub_Subproject.generated.bar' has been successfully deployed. <<1729674673385
Pub_Sub>>b2>>serv2>>SUCCESS>>1729674768181
BIP9332I<<Application 'Pub_Sub' has been changed successfully. <<1729674768181
BIP9326I<<The source 'Pub_Subproject.generated.bar' has been successfully deployed. <<1729674768181
Pub_Sub>>b2>>serv2>>ERROR>>1729675003682
httpRequestidentifier>>b2>>serv2>>WARNING>>1730715870299
BIP9318E<<Request to 'PreSetupValidate' resource 'httpRequestidentifier', 'httpRequestidentifier' of type 'Application' failed. <<1730715870299
BIP2492E<<(.HRmf2_Compute.CopyEntireMessage, 4.67) : Illegal type for parameter '1' of the function 'ASBITSTREAM'. A non-list field reference is required. <<1730715870299
BIP9333W<<Application 'httpRequestidentifier' has been created but contains errors which has prevented some resources from starting. <<1730715870299
BIP1096E<<The source 'httpRequestidentifierproject.generated.bar' has been deployed but there were one or more failures which may mean the deployed resources will be unable to execute. <<1730715870299
httpRequestidentifier>>b2>>serv2>>WARNING>>1730715921237
BIP9318E<<Request to 'PreSetupValidate' resource 'httpRequestidentifier', 'httpRequestidentifier' of type 'Application' failed. <<1730715921237
BIP2492E<<(.HRmf2_Compute.CopyEntireMessage, 4.67) : Illegal type for parameter '1' of the function 'ASBITSTREAM'. A non-list field reference is required. <<1730715921237
BIP9333W<<Application 'httpRequestidentifier' has been changed but contains errors which has prevented some resources from starting. <<1730715921237
BIP1096E<<The source 'httpRequestidentifierproject.generated.bar' has been deployed but there were one or more failures which may mean the deployed resources will be unable to execute. <<1730715921237
httpRequestidentifier>>b2>>serv2>>SUCCESS>>1730716044532
BIP9332I<<Application 'httpRequestidentifier' has been changed successfully. <<1730716044532
BIP9326I<<The source 'httpRequestidentifierproject.generated.bar' has been successfully deployed. <<1730716044532
httpRequestidentifier>>b2>>serv2>>WARNING>>1730716372481
BIP9318E<<Request to 'PreSetupValidate' resource 'httpRequestidentifier', 'httpRequestidentifier' of type 'Application' failed. <<1730716372481
BIP2492E<<(.HRmf2_Compute.CopyEntireMessage, 4.67) : Illegal type for parameter '1' of the function 'ASBITSTREAM'. A non-list field reference is required. <<1730716372481
BIP9333W<<Application 'httpRequestidentifier' has been changed but contains errors which has prevented some resources from starting. <<1730716372481
BIP1096E<<The source 'httpRequestidentifierproject.generated.bar' has been deployed but there were one or more failures which may mean the deployed resources will be unable to execute. <<1730716372481
httpRequestidentifier>>b2>>serv2>>SUCCESS>>1730719769987
BIP9332I<<Application 'httpRequestidentifier' has been changed successfully. <<1730719769987
BIP9326I<<The source 'httpRequestidentifierproject.generated.bar' has been successfully deployed. <<1730719769987
httpRequestidentifier>>b2>>serv2>>ERROR>>1730722656214
